<?xml version="1.0" encoding="UTF-8"?>
<!-- Generated by org.testng.reporters.JUnitReportReporter -->
<testsuite skipped="0" hostname="Aone" name="com.tests.DemoTest" tests="1" failures="0" timestamp="13 Aug 2023 07:23:28 GMT" time="0.012" errors="0">
  <testcase name="test01" time="0.012" classname="com.tests.DemoTest"/>
</testsuite> <!-- com.tests.DemoTest -->
